2022-08-07 18:07:54,779  INFO [TestNG-test=CrossBrowser-1] SauceDemoMavenProject:55 - browser is opened
2022-08-07 18:07:54,784  INFO [TestNG-test=CrossBrowser-5] SauceDemoMavenProject:55 - browser is opened
2022-08-07 18:07:54,783  INFO [TestNG-test=CrossBrowser-3] SauceDemoMavenProject:55 - browser is opened
2022-08-07 18:07:54,777  INFO [TestNG-test=CrossBrowser-4] SauceDemoMavenProject:55 - browser is opened
2022-08-07 18:07:54,785  INFO [TestNG-test=CrossBrowser-2] SauceDemoMavenProject:55 - browser is opened
2022-08-07 18:07:56,909  INFO [TestNG-test=CrossBrowser-4] SauceDemoMavenProject:59 - window is maximized
2022-08-07 18:07:56,998  INFO [TestNG-test=CrossBrowser-1] SauceDemoMavenProject:59 - window is maximized
2022-08-07 18:07:56,913  INFO [TestNG-test=CrossBrowser-2] SauceDemoMavenProject:59 - window is maximized
2022-08-07 18:07:56,912  INFO [TestNG-test=CrossBrowser-3] SauceDemoMavenProject:59 - window is maximized
2022-08-07 18:07:56,910  INFO [TestNG-test=CrossBrowser-5] SauceDemoMavenProject:59 - window is maximized
2022-08-07 18:07:57,588  INFO [TestNG-test=CrossBrowser-2] SauceDemoMavenProject:62 - 20 sec implicit wait is applied
2022-08-07 18:07:57,589  INFO [TestNG-test=CrossBrowser-1] SauceDemoMavenProject:62 - 20 sec implicit wait is applied
2022-08-07 18:07:57,598  INFO [TestNG-test=CrossBrowser-5] SauceDemoMavenProject:62 - 20 sec implicit wait is applied
2022-08-07 18:07:57,599  INFO [TestNG-test=CrossBrowser-4] SauceDemoMavenProject:62 - 20 sec implicit wait is applied
2022-08-07 18:07:57,602  INFO [TestNG-test=CrossBrowser-3] SauceDemoMavenProject:62 - 20 sec implicit wait is applied
2022-08-07 18:08:04,798  INFO [TestNG-test=CrossBrowser-5] SauceDemoMavenProject:66 - URL is opened
2022-08-07 18:08:04,815  INFO [TestNG-test=CrossBrowser-2] SauceDemoMavenProject:66 - URL is opened
2022-08-07 18:08:04,816  INFO [TestNG-test=CrossBrowser-4] SauceDemoMavenProject:66 - URL is opened
2022-08-07 18:08:04,860  INFO [TestNG-test=CrossBrowser-1] SauceDemoMavenProject:66 - URL is opened
2022-08-07 18:08:04,860  INFO [TestNG-test=CrossBrowser-3] SauceDemoMavenProject:66 - URL is opened
2022-08-07 18:08:10,352  INFO [TestNG-test=CrossBrowser-3] SauceDemoMavenProject:75 - username is entered
2022-08-07 18:08:10,352  INFO [TestNG-test=CrossBrowser-1] SauceDemoMavenProject:75 - username is entered
2022-08-07 18:08:10,352  INFO [TestNG-test=CrossBrowser-2] SauceDemoMavenProject:75 - username is entered
2022-08-07 18:08:10,352  INFO [TestNG-test=CrossBrowser-4] SauceDemoMavenProject:75 - username is entered
2022-08-07 18:08:10,352  INFO [TestNG-test=CrossBrowser-5] SauceDemoMavenProject:75 - username is entered
2022-08-07 18:08:12,093  INFO [TestNG-test=CrossBrowser-4] SauceDemoMavenProject:80 - password is entered
2022-08-07 18:08:12,103  INFO [TestNG-test=CrossBrowser-2] SauceDemoMavenProject:80 - password is entered
2022-08-07 18:08:12,128  INFO [TestNG-test=CrossBrowser-1] SauceDemoMavenProject:80 - password is entered
2022-08-07 18:08:12,166  INFO [TestNG-test=CrossBrowser-3] SauceDemoMavenProject:80 - password is entered
2022-08-07 18:08:12,324  INFO [TestNG-test=CrossBrowser-5] SauceDemoMavenProject:80 - password is entered
2022-08-07 18:08:27,604  INFO [TestNG-test=CrossBrowser-3] SauceDemoMavenProject:86 - clicked on login button and successfully login is done
2022-08-07 18:08:27,605  INFO [TestNG-test=CrossBrowser-5] SauceDemoMavenProject:86 - clicked on login button and successfully login is done
2022-08-07 18:08:27,608  INFO [TestNG-test=CrossBrowser-4] SauceDemoMavenProject:86 - clicked on login button and successfully login is done
2022-08-07 18:08:27,640  INFO [TestNG-test=CrossBrowser-2] SauceDemoMavenProject:86 - clicked on login button and successfully login is done
2022-08-07 18:08:27,645  INFO [TestNG-test=CrossBrowser-1] SauceDemoMavenProject:86 - clicked on login button and successfully login is done
2022-08-07 18:08:30,665  INFO [TestNG-test=CrossBrowser-5] SauceDemoMavenProject:34 - product is added to card
2022-08-07 18:08:30,689  INFO [TestNG-test=CrossBrowser-1] SauceDemoMavenProject:28 - clicked on setting button
2022-08-07 18:08:31,493  INFO [TestNG-test=CrossBrowser-3] SauceDemoMavenProject:27 - clicked on setting button
2022-08-07 18:08:31,718  INFO [TestNG-test=CrossBrowser-4] SauceDemoMavenProject:26 - clicked on add to card for one product
2022-08-07 18:08:32,890  INFO [TestNG-test=CrossBrowser-1] SauceDemoMavenProject:33 - clicked on log out button
2022-08-07 18:08:32,965  INFO [TestNG-test=CrossBrowser-5] SauceDemoMavenProject:39 - click on add to card symbol
2022-08-07 18:08:33,209  INFO [TestNG-test=CrossBrowser-2] SauceDemoMavenProject:26 - filter is applied
2022-08-07 18:08:34,581  INFO [TestNG-test=CrossBrowser-5] SauceDemoMavenProject:48 - clicked on check out button
2022-08-07 18:08:34,741  INFO [TestNG-test=CrossBrowser-4] SauceDemoMavenProject:97 - browser is closed
2022-08-07 18:08:38,726  INFO [TestNG-test=CrossBrowser-5] SauceDemoMavenProject:55 - first name is entered
2022-08-07 18:08:38,727  INFO [TestNG-test=CrossBrowser-2] SauceDemoMavenProject:97 - browser is closed
2022-08-07 18:08:40,175  INFO [TestNG-test=CrossBrowser-5] SauceDemoMavenProject:60 - last name is entered
2022-08-07 18:08:40,765  INFO [TestNG-test=CrossBrowser-1] SauceDemoMavenProject:97 - browser is closed
2022-08-07 18:08:41,515  INFO [TestNG-test=CrossBrowser-4] SauceDemoMavenProject:55 - browser is opened
2022-08-07 18:08:41,715  INFO [TestNG-test=CrossBrowser-5] SauceDemoMavenProject:65 - zip code is entered
2022-08-07 18:08:42,676  INFO [TestNG-test=CrossBrowser-4] SauceDemoMavenProject:59 - window is maximized
2022-08-07 18:08:42,681  INFO [TestNG-test=CrossBrowser-4] SauceDemoMavenProject:62 - 20 sec implicit wait is applied
2022-08-07 18:08:42,980  INFO [TestNG-test=CrossBrowser-5] SauceDemoMavenProject:69 - clicked on continue button
2022-08-07 18:08:44,804  INFO [TestNG-test=CrossBrowser-2] SauceDemoMavenProject:55 - browser is opened
2022-08-07 18:08:44,807  INFO [TestNG-test=CrossBrowser-5] SauceDemoMavenProject:72 - overview page is opened
2022-08-07 18:08:45,976  INFO [TestNG-test=CrossBrowser-5] SauceDemoMavenProject:80 - clicked on finish button
2022-08-07 18:08:45,976  INFO [TestNG-test=CrossBrowser-5] SauceDemoMavenProject:82 - complete page is opened
2022-08-07 18:08:46,000  INFO [TestNG-test=CrossBrowser-2] SauceDemoMavenProject:59 - window is maximized
2022-08-07 18:08:46,006  INFO [TestNG-test=CrossBrowser-2] SauceDemoMavenProject:62 - 20 sec implicit wait is applied
2022-08-07 18:08:51,960  INFO [TestNG-test=CrossBrowser-4] SauceDemoMavenProject:66 - URL is opened
2022-08-07 18:08:52,090  INFO [TestNG-test=CrossBrowser-2] SauceDemoMavenProject:66 - URL is opened
2022-08-07 18:08:52,494  INFO [TestNG-test=CrossBrowser-3] SauceDemoMavenProject:30 - clicked on about button
2022-08-07 18:08:52,858  INFO [TestNG-test=CrossBrowser-5] SauceDemoMavenProject:97 - browser is closed
2022-08-07 18:08:53,673  INFO [TestNG-test=CrossBrowser-4] SauceDemoMavenProject:75 - username is entered
2022-08-07 18:08:53,681  INFO [TestNG-test=CrossBrowser-2] SauceDemoMavenProject:75 - username is entered
2022-08-07 18:08:55,185  INFO [TestNG-test=CrossBrowser-4] SauceDemoMavenProject:80 - password is entered
2022-08-07 18:08:55,186  INFO [TestNG-test=CrossBrowser-2] SauceDemoMavenProject:80 - password is entered
2022-08-07 18:08:56,817  INFO [TestNG-test=CrossBrowser-4] SauceDemoMavenProject:86 - clicked on login button and successfully login is done
2022-08-07 18:08:56,909  INFO [TestNG-test=CrossBrowser-2] SauceDemoMavenProject:86 - clicked on login button and successfully login is done
2022-08-07 18:08:57,696  INFO [TestNG-test=CrossBrowser-4] SauceDemoMavenProject:26 - multiple product added to card
2022-08-07 18:08:58,807  INFO [TestNG-test=CrossBrowser-2] SauceDemoMavenProject:97 - browser is closed
2022-08-07 18:08:58,807  INFO [TestNG-test=CrossBrowser-3] SauceDemoMavenProject:97 - browser is closed
2022-08-07 18:08:59,132  INFO [TestNG-test=CrossBrowser-4] SauceDemoMavenProject:97 - browser is closed
2022-08-07 18:11:56,719  INFO [main] SauceDemoMavenProject:55 - browser is opened
2022-08-07 18:11:57,976  INFO [main] SauceDemoMavenProject:59 - window is maximized
2022-08-07 18:11:57,996  INFO [main] SauceDemoMavenProject:62 - 20 sec implicit wait is applied
2022-08-07 18:12:01,527  INFO [main] SauceDemoMavenProject:66 - URL is opened
2022-08-07 18:12:02,975  INFO [main] SauceDemoMavenProject:75 - username is entered
2022-08-07 18:12:04,377  INFO [main] SauceDemoMavenProject:80 - password is entered
2022-08-07 18:12:06,167  INFO [main] SauceDemoMavenProject:86 - clicked on login button and successfully login is done
2022-08-07 18:12:07,533  INFO [main] SauceDemoMavenProject:28 - clicked on setting button
2022-08-07 18:12:08,908  INFO [main] SauceDemoMavenProject:33 - clicked on log out button
2022-08-07 18:12:09,671  INFO [main] SauceDemoMavenProject:97 - browser is closed
2022-08-07 18:12:10,795  INFO [main] SauceDemoMavenProject:55 - browser is opened
2022-08-07 18:12:11,928  INFO [main] SauceDemoMavenProject:59 - window is maximized
2022-08-07 18:12:11,932  INFO [main] SauceDemoMavenProject:62 - 20 sec implicit wait is applied
2022-08-07 18:12:16,358  INFO [main] SauceDemoMavenProject:66 - URL is opened
2022-08-07 18:12:17,644  INFO [main] SauceDemoMavenProject:75 - username is entered
2022-08-07 18:12:18,999  INFO [main] SauceDemoMavenProject:80 - password is entered
2022-08-07 18:12:20,708  INFO [main] SauceDemoMavenProject:86 - clicked on login button and successfully login is done
2022-08-07 18:12:22,377  INFO [main] SauceDemoMavenProject:26 - filter is applied
2022-08-07 18:12:22,844  INFO [main] SauceDemoMavenProject:97 - browser is closed
2022-08-07 18:12:24,392  INFO [main] SauceDemoMavenProject:55 - browser is opened
2022-08-07 18:12:25,540  INFO [main] SauceDemoMavenProject:59 - window is maximized
2022-08-07 18:12:25,546  INFO [main] SauceDemoMavenProject:62 - 20 sec implicit wait is applied
2022-08-07 18:12:30,497  INFO [main] SauceDemoMavenProject:66 - URL is opened
2022-08-07 18:12:31,842  INFO [main] SauceDemoMavenProject:75 - username is entered
2022-08-07 18:12:33,152  INFO [main] SauceDemoMavenProject:80 - password is entered
2022-08-07 18:12:34,870  INFO [main] SauceDemoMavenProject:86 - clicked on login button and successfully login is done
2022-08-07 18:12:36,311  INFO [main] SauceDemoMavenProject:27 - clicked on setting button
2022-08-07 18:12:45,430  INFO [main] SauceDemoMavenProject:30 - clicked on about button
2022-08-07 18:12:49,407  INFO [main] SauceDemoMavenProject:97 - browser is closed
2022-08-07 18:12:50,433  INFO [main] SauceDemoMavenProject:55 - browser is opened
2022-08-07 18:12:51,624  INFO [main] SauceDemoMavenProject:59 - window is maximized
2022-08-07 18:12:51,637  INFO [main] SauceDemoMavenProject:62 - 20 sec implicit wait is applied
2022-08-07 18:12:57,203  INFO [main] SauceDemoMavenProject:66 - URL is opened
2022-08-07 18:12:58,587  INFO [main] SauceDemoMavenProject:75 - username is entered
2022-08-07 18:12:59,915  INFO [main] SauceDemoMavenProject:80 - password is entered
2022-08-07 18:13:01,654  INFO [main] SauceDemoMavenProject:86 - clicked on login button and successfully login is done
2022-08-07 18:13:03,177  INFO [main] SauceDemoMavenProject:26 - clicked on add to card for one product
2022-08-07 18:13:03,691  INFO [main] SauceDemoMavenProject:97 - browser is closed
2022-08-07 18:13:05,244  INFO [main] SauceDemoMavenProject:55 - browser is opened
2022-08-07 18:13:06,391  INFO [main] SauceDemoMavenProject:59 - window is maximized
2022-08-07 18:13:06,397  INFO [main] SauceDemoMavenProject:62 - 20 sec implicit wait is applied
2022-08-07 18:13:11,806  INFO [main] SauceDemoMavenProject:66 - URL is opened
2022-08-07 18:13:13,164  INFO [main] SauceDemoMavenProject:75 - username is entered
2022-08-07 18:13:14,485  INFO [main] SauceDemoMavenProject:80 - password is entered
2022-08-07 18:13:16,186  INFO [main] SauceDemoMavenProject:86 - clicked on login button and successfully login is done
2022-08-07 18:13:17,324  INFO [main] SauceDemoMavenProject:34 - product is added to card
2022-08-07 18:13:18,890  INFO [main] SauceDemoMavenProject:39 - click on add to card symbol
2022-08-07 18:13:20,295  INFO [main] SauceDemoMavenProject:48 - clicked on check out button
2022-08-07 18:13:21,575  INFO [main] SauceDemoMavenProject:55 - first name is entered
2022-08-07 18:13:22,836  INFO [main] SauceDemoMavenProject:60 - last name is entered
2022-08-07 18:13:24,102  INFO [main] SauceDemoMavenProject:65 - zip code is entered
2022-08-07 18:13:25,202  INFO [main] SauceDemoMavenProject:69 - clicked on continue button
2022-08-07 18:13:25,417  INFO [main] SauceDemoMavenProject:72 - overview page is opened
2022-08-07 18:13:26,506  INFO [main] SauceDemoMavenProject:80 - clicked on finish button
2022-08-07 18:13:26,506  INFO [main] SauceDemoMavenProject:82 - complete page is opened
2022-08-07 18:13:27,660  INFO [main] SauceDemoMavenProject:97 - browser is closed
2022-08-07 18:13:28,842  INFO [main] SauceDemoMavenProject:55 - browser is opened
2022-08-07 18:13:29,993  INFO [main] SauceDemoMavenProject:59 - window is maximized
2022-08-07 18:13:29,997  INFO [main] SauceDemoMavenProject:62 - 20 sec implicit wait is applied
2022-08-07 18:13:36,393  INFO [main] SauceDemoMavenProject:66 - URL is opened
2022-08-07 18:13:37,723  INFO [main] SauceDemoMavenProject:75 - username is entered
2022-08-07 18:13:39,014  INFO [main] SauceDemoMavenProject:80 - password is entered
2022-08-07 18:13:40,518  INFO [main] SauceDemoMavenProject:86 - clicked on login button and successfully login is done
2022-08-07 18:13:41,366  INFO [main] SauceDemoMavenProject:26 - multiple product added to card
2022-08-07 18:13:42,316  INFO [main] SauceDemoMavenProject:97 - browser is closed
2022-08-07 18:13:43,501  INFO [main] SauceDemoMavenProject:55 - browser is opened
2022-08-07 18:13:44,649  INFO [main] SauceDemoMavenProject:59 - window is maximized
2022-08-07 18:13:44,652  INFO [main] SauceDemoMavenProject:62 - 20 sec implicit wait is applied
2022-08-07 18:13:54,193  INFO [main] SauceDemoMavenProject:66 - URL is opened
2022-08-07 18:13:55,605  INFO [main] SauceDemoMavenProject:75 - username is entered
2022-08-07 18:13:56,930  INFO [main] SauceDemoMavenProject:80 - password is entered
2022-08-07 18:13:58,758  INFO [main] SauceDemoMavenProject:86 - clicked on login button and successfully login is done
2022-08-07 18:13:59,225  INFO [main] SauceDemoMavenProject:97 - browser is closed
2022-08-08 08:49:25,233  INFO [main] SauceDemoMavenProject:55 - browser is opened
2022-08-08 08:49:26,665  INFO [main] SauceDemoMavenProject:59 - window is maximized
2022-08-08 08:49:26,674  INFO [main] SauceDemoMavenProject:62 - 20 sec implicit wait is applied
2022-08-08 08:49:29,808  INFO [main] SauceDemoMavenProject:66 - URL is opened
2022-08-08 08:49:33,013  INFO [main] SauceDemoMavenProject:75 - username is entered
2022-08-08 08:49:34,360  INFO [main] SauceDemoMavenProject:80 - password is entered
2022-08-08 08:49:37,474  INFO [main] SauceDemoMavenProject:86 - clicked on login button and successfully login is done
2022-08-08 08:49:38,883  INFO [main] SauceDemoMavenProject:28 - clicked on setting button
2022-08-08 08:49:40,284  INFO [main] SauceDemoMavenProject:33 - clicked on log out button
2022-08-08 08:49:41,652  INFO [main] SauceDemoMavenProject:97 - browser is closed
2022-08-08 08:49:43,452  INFO [main] SauceDemoMavenProject:55 - browser is opened
2022-08-08 08:49:44,619  INFO [main] SauceDemoMavenProject:59 - window is maximized
2022-08-08 08:49:44,623  INFO [main] SauceDemoMavenProject:62 - 20 sec implicit wait is applied
2022-08-08 08:49:48,901  INFO [main] SauceDemoMavenProject:66 - URL is opened
2022-08-08 08:49:50,233  INFO [main] SauceDemoMavenProject:75 - username is entered
2022-08-08 08:49:51,543  INFO [main] SauceDemoMavenProject:80 - password is entered
2022-08-08 08:49:53,486  INFO [main] SauceDemoMavenProject:86 - clicked on login button and successfully login is done
2022-08-08 08:49:55,732  INFO [main] SauceDemoMavenProject:26 - filter is applied
2022-08-08 08:49:56,305  INFO [main] SauceDemoMavenProject:97 - browser is closed
2022-08-08 08:49:57,597  INFO [main] SauceDemoMavenProject:55 - browser is opened
2022-08-08 08:49:58,768  INFO [main] SauceDemoMavenProject:59 - window is maximized
2022-08-08 08:49:58,773  INFO [main] SauceDemoMavenProject:62 - 20 sec implicit wait is applied
2022-08-08 08:50:04,553  INFO [main] SauceDemoMavenProject:66 - URL is opened
2022-08-08 08:50:05,980  INFO [main] SauceDemoMavenProject:75 - username is entered
2022-08-08 08:50:07,307  INFO [main] SauceDemoMavenProject:80 - password is entered
2022-08-08 08:50:08,854  INFO [main] SauceDemoMavenProject:86 - clicked on login button and successfully login is done
2022-08-08 08:50:10,318  INFO [main] SauceDemoMavenProject:27 - clicked on setting button
2022-08-08 08:50:19,936  INFO [main] SauceDemoMavenProject:30 - clicked on about button
2022-08-08 08:50:26,947  INFO [main] SauceDemoMavenProject:97 - browser is closed
2022-08-08 08:50:30,792  INFO [main] SauceDemoMavenProject:55 - browser is opened
2022-08-08 08:50:31,951  INFO [main] SauceDemoMavenProject:59 - window is maximized
2022-08-08 08:50:31,956  INFO [main] SauceDemoMavenProject:62 - 20 sec implicit wait is applied
2022-08-08 08:50:40,430  INFO [main] SauceDemoMavenProject:66 - URL is opened
2022-08-08 08:50:42,219  INFO [main] SauceDemoMavenProject:75 - username is entered
2022-08-08 08:50:43,535  INFO [main] SauceDemoMavenProject:80 - password is entered
2022-08-08 08:50:45,022  INFO [main] SauceDemoMavenProject:86 - clicked on login button and successfully login is done
2022-08-08 08:50:46,597  INFO [main] SauceDemoMavenProject:26 - clicked on add to card for one product
2022-08-08 08:50:47,440  INFO [main] SauceDemoMavenProject:97 - browser is closed
2022-08-08 08:50:49,355  INFO [main] SauceDemoMavenProject:55 - browser is opened
2022-08-08 08:50:50,528  INFO [main] SauceDemoMavenProject:59 - window is maximized
2022-08-08 08:50:50,531  INFO [main] SauceDemoMavenProject:62 - 20 sec implicit wait is applied
2022-08-08 08:50:57,074  INFO [main] SauceDemoMavenProject:66 - URL is opened
2022-08-08 08:50:58,441  INFO [main] SauceDemoMavenProject:75 - username is entered
2022-08-08 08:50:59,738  INFO [main] SauceDemoMavenProject:80 - password is entered
2022-08-08 08:51:01,397  INFO [main] SauceDemoMavenProject:86 - clicked on login button and successfully login is done
2022-08-08 08:51:02,535  INFO [main] SauceDemoMavenProject:34 - product is added to card
2022-08-08 08:51:04,094  INFO [main] SauceDemoMavenProject:39 - click on add to card symbol
2022-08-08 08:51:05,544  INFO [main] SauceDemoMavenProject:48 - clicked on check out button
2022-08-08 08:51:06,853  INFO [main] SauceDemoMavenProject:55 - first name is entered
2022-08-08 08:51:08,205  INFO [main] SauceDemoMavenProject:60 - last name is entered
2022-08-08 08:51:09,504  INFO [main] SauceDemoMavenProject:65 - zip code is entered
2022-08-08 08:51:10,606  INFO [main] SauceDemoMavenProject:69 - clicked on continue button
2022-08-08 08:51:10,787  INFO [main] SauceDemoMavenProject:72 - overview page is opened
2022-08-08 08:51:11,873  INFO [main] SauceDemoMavenProject:80 - clicked on finish button
2022-08-08 08:51:11,873  INFO [main] SauceDemoMavenProject:82 - complete page is opened
2022-08-08 08:51:12,434  INFO [main] SauceDemoMavenProject:97 - browser is closed
2022-08-08 08:51:13,522  INFO [main] SauceDemoMavenProject:55 - browser is opened
2022-08-08 08:51:14,694  INFO [main] SauceDemoMavenProject:59 - window is maximized
2022-08-08 08:51:14,698  INFO [main] SauceDemoMavenProject:62 - 20 sec implicit wait is applied
2022-08-08 08:51:18,541  INFO [main] SauceDemoMavenProject:66 - URL is opened
2022-08-08 08:51:19,897  INFO [main] SauceDemoMavenProject:75 - username is entered
2022-08-08 08:51:21,266  INFO [main] SauceDemoMavenProject:80 - password is entered
2022-08-08 08:51:22,843  INFO [main] SauceDemoMavenProject:86 - clicked on login button and successfully login is done
2022-08-08 08:51:23,752  INFO [main] SauceDemoMavenProject:26 - multiple product added to card
2022-08-08 08:51:24,170  INFO [main] SauceDemoMavenProject:97 - browser is closed
2022-08-08 08:51:25,435  INFO [main] SauceDemoMavenProject:55 - browser is opened
2022-08-08 08:51:26,598  INFO [main] SauceDemoMavenProject:59 - window is maximized
2022-08-08 08:51:26,601  INFO [main] SauceDemoMavenProject:62 - 20 sec implicit wait is applied
2022-08-08 08:51:30,640  INFO [main] SauceDemoMavenProject:66 - URL is opened
2022-08-08 08:51:32,082  INFO [main] SauceDemoMavenProject:75 - username is entered
2022-08-08 08:51:33,388  INFO [main] SauceDemoMavenProject:80 - password is entered
2022-08-08 08:51:34,987  INFO [main] SauceDemoMavenProject:86 - clicked on login button and successfully login is done
2022-08-08 08:51:35,214  INFO [main] SauceDemoMavenProject:97 - browser is closed
2022-08-08 09:07:57,041  INFO [main] SauceDemoMavenProject:55 - browser is opened
2022-08-08 09:07:58,226  INFO [main] SauceDemoMavenProject:59 - window is maximized
2022-08-08 09:07:58,234  INFO [main] SauceDemoMavenProject:62 - 20 sec implicit wait is applied
2022-08-08 09:08:03,288  INFO [main] SauceDemoMavenProject:66 - URL is opened
2022-08-08 09:08:04,864  INFO [main] SauceDemoMavenProject:75 - username is entered
2022-08-08 09:08:06,288  INFO [main] SauceDemoMavenProject:80 - password is entered
2022-08-08 09:08:07,944  INFO [main] SauceDemoMavenProject:86 - clicked on login button and successfully login is done
2022-08-08 09:08:09,122  INFO [main] SauceDemoMavenProject:28 - clicked on setting button
2022-08-08 09:08:10,503  INFO [main] SauceDemoMavenProject:33 - clicked on log out button
2022-08-08 09:08:11,235  INFO [main] SauceDemoMavenProject:97 - browser is closed
2022-08-08 09:08:12,770  INFO [main] SauceDemoMavenProject:55 - browser is opened
2022-08-08 09:08:13,946  INFO [main] SauceDemoMavenProject:59 - window is maximized
2022-08-08 09:08:13,951  INFO [main] SauceDemoMavenProject:62 - 20 sec implicit wait is applied
2022-08-08 09:08:19,107  INFO [main] SauceDemoMavenProject:66 - URL is opened
2022-08-08 09:08:21,302  INFO [main] SauceDemoMavenProject:75 - username is entered
2022-08-08 09:08:22,651  INFO [main] SauceDemoMavenProject:80 - password is entered
2022-08-08 09:08:24,362  INFO [main] SauceDemoMavenProject:86 - clicked on login button and successfully login is done
2022-08-08 09:08:26,148  INFO [main] SauceDemoMavenProject:26 - filter is applied
2022-08-08 09:08:26,566  INFO [main] SauceDemoMavenProject:97 - browser is closed
2022-08-08 09:08:27,871  INFO [main] SauceDemoMavenProject:55 - browser is opened
2022-08-08 09:08:29,061  INFO [main] SauceDemoMavenProject:59 - window is maximized
2022-08-08 09:08:29,074  INFO [main] SauceDemoMavenProject:62 - 20 sec implicit wait is applied
2022-08-08 09:08:33,805  INFO [main] SauceDemoMavenProject:66 - URL is opened
2022-08-08 09:08:35,242  INFO [main] SauceDemoMavenProject:75 - username is entered
2022-08-08 09:08:36,589  INFO [main] SauceDemoMavenProject:80 - password is entered
2022-08-08 09:08:38,236  INFO [main] SauceDemoMavenProject:86 - clicked on login button and successfully login is done
2022-08-08 09:08:39,716  INFO [main] SauceDemoMavenProject:27 - clicked on setting button
2022-08-08 09:08:47,421  INFO [main] SauceDemoMavenProject:30 - clicked on about button
2022-08-08 09:08:51,587  INFO [main] SauceDemoMavenProject:97 - browser is closed
2022-08-08 09:08:53,343  INFO [main] SauceDemoMavenProject:55 - browser is opened
2022-08-08 09:08:54,519  INFO [main] SauceDemoMavenProject:59 - window is maximized
2022-08-08 09:08:54,523  INFO [main] SauceDemoMavenProject:62 - 20 sec implicit wait is applied
2022-08-08 09:08:59,401  INFO [main] SauceDemoMavenProject:66 - URL is opened
2022-08-08 09:09:01,473  INFO [main] SauceDemoMavenProject:75 - username is entered
2022-08-08 09:09:02,852  INFO [main] SauceDemoMavenProject:80 - password is entered
2022-08-08 09:09:04,474  INFO [main] SauceDemoMavenProject:86 - clicked on login button and successfully login is done
2022-08-08 09:09:06,348  INFO [main] SauceDemoMavenProject:26 - clicked on add to card for one product
2022-08-08 09:09:06,732  INFO [main] SauceDemoMavenProject:97 - browser is closed
2022-08-08 09:09:07,721  INFO [main] SauceDemoMavenProject:55 - browser is opened
2022-08-08 09:09:08,915  INFO [main] SauceDemoMavenProject:59 - window is maximized
2022-08-08 09:09:08,922  INFO [main] SauceDemoMavenProject:62 - 20 sec implicit wait is applied
2022-08-08 09:09:13,724  INFO [main] SauceDemoMavenProject:66 - URL is opened
2022-08-08 09:09:15,039  INFO [main] SauceDemoMavenProject:75 - username is entered
2022-08-08 09:09:16,360  INFO [main] SauceDemoMavenProject:80 - password is entered
2022-08-08 09:09:17,869  INFO [main] SauceDemoMavenProject:86 - clicked on login button and successfully login is done
2022-08-08 09:09:19,052  INFO [main] SauceDemoMavenProject:34 - product is added to card
2022-08-08 09:09:20,534  INFO [main] SauceDemoMavenProject:39 - click on add to card symbol
2022-08-08 09:09:22,046  INFO [main] SauceDemoMavenProject:48 - clicked on check out button
2022-08-08 09:09:23,446  INFO [main] SauceDemoMavenProject:55 - first name is entered
2022-08-08 09:09:24,798  INFO [main] SauceDemoMavenProject:60 - last name is entered
2022-08-08 09:09:26,083  INFO [main] SauceDemoMavenProject:65 - zip code is entered
2022-08-08 09:09:27,187  INFO [main] SauceDemoMavenProject:69 - clicked on continue button
2022-08-08 09:09:27,363  INFO [main] SauceDemoMavenProject:72 - overview page is opened
2022-08-08 09:09:28,474  INFO [main] SauceDemoMavenProject:80 - clicked on finish button
2022-08-08 09:09:28,474  INFO [main] SauceDemoMavenProject:82 - complete page is opened
2022-08-08 09:09:29,149  INFO [main] SauceDemoMavenProject:97 - browser is closed
2022-08-08 09:09:30,307  INFO [main] SauceDemoMavenProject:55 - browser is opened
2022-08-08 09:09:31,472  INFO [main] SauceDemoMavenProject:59 - window is maximized
2022-08-08 09:09:31,477  INFO [main] SauceDemoMavenProject:62 - 20 sec implicit wait is applied
2022-08-08 09:09:35,974  INFO [main] SauceDemoMavenProject:66 - URL is opened
2022-08-08 09:09:37,288  INFO [main] SauceDemoMavenProject:75 - username is entered
2022-08-08 09:09:38,649  INFO [main] SauceDemoMavenProject:80 - password is entered
2022-08-08 09:09:40,253  INFO [main] SauceDemoMavenProject:86 - clicked on login button and successfully login is done
2022-08-08 09:09:41,181  INFO [main] SauceDemoMavenProject:26 - multiple product added to card
2022-08-08 09:09:41,756  INFO [main] SauceDemoMavenProject:97 - browser is closed
2022-08-08 09:09:43,158  INFO [main] SauceDemoMavenProject:55 - browser is opened
2022-08-08 09:09:44,352  INFO [main] SauceDemoMavenProject:59 - window is maximized
2022-08-08 09:09:44,365  INFO [main] SauceDemoMavenProject:62 - 20 sec implicit wait is applied
2022-08-08 09:09:49,907  INFO [main] SauceDemoMavenProject:66 - URL is opened
2022-08-08 09:09:51,297  INFO [main] SauceDemoMavenProject:75 - username is entered
2022-08-08 09:09:52,626  INFO [main] SauceDemoMavenProject:80 - password is entered
2022-08-08 09:09:54,266  INFO [main] SauceDemoMavenProject:86 - clicked on login button and successfully login is done
2022-08-08 09:09:54,949  INFO [main] SauceDemoMavenProject:97 - browser is closed
2022-08-08 11:09:33,255  INFO [main] SauceDemoMavenProject:55 - browser is opened
2022-08-08 11:09:34,603  INFO [main] SauceDemoMavenProject:59 - window is maximized
2022-08-08 11:09:34,695  INFO [main] SauceDemoMavenProject:62 - 20 sec implicit wait is applied
2022-08-08 11:09:42,448  INFO [main] SauceDemoMavenProject:66 - URL is opened
2022-08-08 11:09:44,802  INFO [main] SauceDemoMavenProject:75 - username is entered
2022-08-08 11:09:46,143  INFO [main] SauceDemoMavenProject:80 - password is entered
2022-08-08 11:09:48,007  INFO [main] SauceDemoMavenProject:86 - clicked on login button and successfully login is done
2022-08-08 11:09:49,444  INFO [main] SauceDemoMavenProject:28 - clicked on setting button
2022-08-08 11:09:50,932  INFO [main] SauceDemoMavenProject:33 - clicked on log out button
2022-08-08 11:09:52,598  INFO [main] SauceDemoMavenProject:97 - browser is closed
2022-08-08 11:09:55,197  INFO [main] SauceDemoMavenProject:55 - browser is opened
2022-08-08 11:09:56,368  INFO [main] SauceDemoMavenProject:59 - window is maximized
2022-08-08 11:09:56,375  INFO [main] SauceDemoMavenProject:62 - 20 sec implicit wait is applied
2022-08-08 11:10:05,402  INFO [main] SauceDemoMavenProject:66 - URL is opened
2022-08-08 11:10:06,821  INFO [main] SauceDemoMavenProject:75 - username is entered
2022-08-08 11:10:08,126  INFO [main] SauceDemoMavenProject:80 - password is entered
2022-08-08 11:10:09,670  INFO [main] SauceDemoMavenProject:86 - clicked on login button and successfully login is done
2022-08-08 11:10:11,479  INFO [main] SauceDemoMavenProject:26 - filter is applied
2022-08-08 11:10:12,012  INFO [main] SauceDemoMavenProject:97 - browser is closed
2022-08-08 11:10:15,612  INFO [main] SauceDemoMavenProject:55 - browser is opened
2022-08-08 11:10:16,846  INFO [main] SauceDemoMavenProject:59 - window is maximized
2022-08-08 11:10:16,850  INFO [main] SauceDemoMavenProject:62 - 20 sec implicit wait is applied
2022-08-08 11:10:22,806  INFO [main] SauceDemoMavenProject:66 - URL is opened
2022-08-08 11:10:24,763  INFO [main] SauceDemoMavenProject:75 - username is entered
2022-08-08 11:10:26,170  INFO [main] SauceDemoMavenProject:80 - password is entered
2022-08-08 11:10:27,858  INFO [main] SauceDemoMavenProject:86 - clicked on login button and successfully login is done
2022-08-08 11:10:29,494  INFO [main] SauceDemoMavenProject:27 - clicked on setting button
2022-08-08 11:10:59,628  INFO [main] SauceDemoMavenProject:30 - clicked on about button
2022-08-08 11:11:03,995  INFO [main] SauceDemoMavenProject:97 - browser is closed
2022-08-08 11:11:07,791  INFO [main] SauceDemoMavenProject:55 - browser is opened
2022-08-08 11:11:08,970  INFO [main] SauceDemoMavenProject:59 - window is maximized
2022-08-08 11:11:08,974  INFO [main] SauceDemoMavenProject:62 - 20 sec implicit wait is applied
2022-08-08 11:11:16,789  INFO [main] SauceDemoMavenProject:66 - URL is opened
2022-08-08 11:11:18,307  INFO [main] SauceDemoMavenProject:75 - username is entered
2022-08-08 11:11:19,734  INFO [main] SauceDemoMavenProject:80 - password is entered
2022-08-08 11:11:21,340  INFO [main] SauceDemoMavenProject:86 - clicked on login button and successfully login is done
2022-08-08 11:11:23,082  INFO [main] SauceDemoMavenProject:26 - clicked on add to card for one product
2022-08-08 11:11:23,398  INFO [main] SauceDemoMavenProject:97 - browser is closed
2022-08-08 11:11:25,929  INFO [main] SauceDemoMavenProject:55 - browser is opened
2022-08-08 11:11:27,074  INFO [main] SauceDemoMavenProject:59 - window is maximized
2022-08-08 11:11:27,081  INFO [main] SauceDemoMavenProject:62 - 20 sec implicit wait is applied
2022-08-08 11:11:33,697  INFO [main] SauceDemoMavenProject:66 - URL is opened
2022-08-08 11:11:35,037  INFO [main] SauceDemoMavenProject:75 - username is entered
2022-08-08 11:11:36,416  INFO [main] SauceDemoMavenProject:80 - password is entered
2022-08-08 11:11:38,049  INFO [main] SauceDemoMavenProject:86 - clicked on login button and successfully login is done
2022-08-08 11:11:39,194  INFO [main] SauceDemoMavenProject:34 - product is added to card
2022-08-08 11:11:40,819  INFO [main] SauceDemoMavenProject:39 - click on add to card symbol
2022-08-08 11:11:42,639  INFO [main] SauceDemoMavenProject:48 - clicked on check out button
2022-08-08 11:11:44,143  INFO [main] SauceDemoMavenProject:55 - first name is entered
2022-08-08 11:11:45,459  INFO [main] SauceDemoMavenProject:60 - last name is entered
2022-08-08 11:11:46,823  INFO [main] SauceDemoMavenProject:65 - zip code is entered
2022-08-08 11:11:47,973  INFO [main] SauceDemoMavenProject:69 - clicked on continue button
2022-08-08 11:11:48,169  INFO [main] SauceDemoMavenProject:72 - overview page is opened
2022-08-08 11:11:49,396  INFO [main] SauceDemoMavenProject:80 - clicked on finish button
2022-08-08 11:11:49,397  INFO [main] SauceDemoMavenProject:82 - complete page is opened
2022-08-08 11:11:50,174  INFO [main] SauceDemoMavenProject:97 - browser is closed
2022-08-08 11:11:52,599  INFO [main] SauceDemoMavenProject:55 - browser is opened
2022-08-08 11:11:53,987  INFO [main] SauceDemoMavenProject:59 - window is maximized
2022-08-08 11:11:54,002  INFO [main] SauceDemoMavenProject:62 - 20 sec implicit wait is applied
2022-08-08 11:11:59,892  INFO [main] SauceDemoMavenProject:66 - URL is opened
2022-08-08 11:12:01,280  INFO [main] SauceDemoMavenProject:75 - username is entered
2022-08-08 11:12:02,758  INFO [main] SauceDemoMavenProject:80 - password is entered
2022-08-08 11:12:04,689  INFO [main] SauceDemoMavenProject:86 - clicked on login button and successfully login is done
2022-08-08 11:12:05,360  INFO [main] SauceDemoMavenProject:26 - multiple product added to card
2022-08-08 11:12:05,630  INFO [main] SauceDemoMavenProject:97 - browser is closed
2022-08-08 11:12:06,894  INFO [main] SauceDemoMavenProject:55 - browser is opened
2022-08-08 11:12:08,069  INFO [main] SauceDemoMavenProject:59 - window is maximized
2022-08-08 11:12:08,072  INFO [main] SauceDemoMavenProject:62 - 20 sec implicit wait is applied
2022-08-08 11:12:12,099  INFO [main] SauceDemoMavenProject:66 - URL is opened
2022-08-08 11:12:13,619  INFO [main] SauceDemoMavenProject:75 - username is entered
2022-08-08 11:12:15,155  INFO [main] SauceDemoMavenProject:80 - password is entered
2022-08-08 11:12:16,949  INFO [main] SauceDemoMavenProject:86 - clicked on login button and successfully login is done
2022-08-08 11:12:17,401  INFO [main] SauceDemoMavenProject:97 - browser is closed
2022-09-02 12:03:03,797  INFO [main] SauceDemoMavenProject:56 - browser is opened
2022-09-02 12:03:05,178  INFO [main] SauceDemoMavenProject:60 - window is maximized
2022-09-02 12:03:05,184  INFO [main] SauceDemoMavenProject:63 - 20 sec implicit wait is applied
2022-09-02 12:03:10,748  INFO [main] SauceDemoMavenProject:67 - URL is opened
2022-09-02 12:03:12,113  INFO [main] SauceDemoMavenProject:76 - username is entered
2022-09-02 12:03:13,458  INFO [main] SauceDemoMavenProject:81 - password is entered
2022-09-02 12:03:15,470  INFO [main] SauceDemoMavenProject:87 - clicked on login button and successfully login is done
2022-09-02 12:03:15,690  INFO [main] SauceDemoMavenProject:98 - browser is closed
2022-09-02 12:03:18,535  INFO [main] SauceDemoMavenProject:56 - browser is opened
2022-09-02 12:03:19,696  INFO [main] SauceDemoMavenProject:60 - window is maximized
2022-09-02 12:03:19,700  INFO [main] SauceDemoMavenProject:63 - 20 sec implicit wait is applied
2022-09-02 12:03:25,173  INFO [main] SauceDemoMavenProject:67 - URL is opened
2022-09-02 12:03:26,482  INFO [main] SauceDemoMavenProject:76 - username is entered
2022-09-02 12:03:27,884  INFO [main] SauceDemoMavenProject:81 - password is entered
2022-09-02 12:03:29,575  INFO [main] SauceDemoMavenProject:87 - clicked on login button and successfully login is done
2022-09-02 12:03:30,919  INFO [main] SauceDemoMavenProject:29 - clicked on setting button
2022-09-02 12:03:32,271  INFO [main] SauceDemoMavenProject:34 - clicked on log out button
2022-09-02 12:03:32,677  INFO [main] SauceDemoMavenProject:98 - browser is closed
2022-09-02 12:03:33,755  INFO [main] SauceDemoMavenProject:56 - browser is opened
2022-09-02 12:03:34,907  INFO [main] SauceDemoMavenProject:60 - window is maximized
2022-09-02 12:03:34,915  INFO [main] SauceDemoMavenProject:63 - 20 sec implicit wait is applied
2022-09-02 12:03:42,400  INFO [main] SauceDemoMavenProject:67 - URL is opened
2022-09-02 12:03:43,887  INFO [main] SauceDemoMavenProject:76 - username is entered
2022-09-02 12:03:45,307  INFO [main] SauceDemoMavenProject:81 - password is entered
2022-09-02 12:03:46,946  INFO [main] SauceDemoMavenProject:87 - clicked on login button and successfully login is done
2022-09-02 12:03:48,148  INFO [main] SauceDemoMavenProject:34 - product is added to card
2022-09-02 12:03:51,467  INFO [main] SauceDemoMavenProject:39 - click on add to card symbol
2022-09-02 12:03:53,083  INFO [main] SauceDemoMavenProject:48 - clicked on check out button
2022-09-02 12:03:54,456  INFO [main] SauceDemoMavenProject:55 - first name is entered
2022-09-02 12:03:55,816  INFO [main] SauceDemoMavenProject:60 - last name is entered
2022-09-02 12:03:57,226  INFO [main] SauceDemoMavenProject:65 - zip code is entered
2022-09-02 12:03:58,408  INFO [main] SauceDemoMavenProject:69 - clicked on continue button
2022-09-02 12:03:58,571  INFO [main] SauceDemoMavenProject:72 - overview page is opened
2022-09-02 12:03:59,701  INFO [main] SauceDemoMavenProject:80 - clicked on finish button
2022-09-02 12:03:59,701  INFO [main] SauceDemoMavenProject:82 - complete page is opened
2022-09-02 12:04:00,376  INFO [main] SauceDemoMavenProject:98 - browser is closed
2022-09-02 12:04:02,140  INFO [main] SauceDemoMavenProject:56 - browser is opened
2022-09-02 12:04:03,323  INFO [main] SauceDemoMavenProject:60 - window is maximized
2022-09-02 12:04:03,327  INFO [main] SauceDemoMavenProject:63 - 20 sec implicit wait is applied
2022-09-02 12:04:11,954  INFO [main] SauceDemoMavenProject:67 - URL is opened
2022-09-02 12:04:13,490  INFO [main] SauceDemoMavenProject:76 - username is entered
2022-09-02 12:04:15,167  INFO [main] SauceDemoMavenProject:81 - password is entered
2022-09-02 12:04:16,824  INFO [main] SauceDemoMavenProject:87 - clicked on login button and successfully login is done
2022-09-02 12:04:18,307  INFO [main] SauceDemoMavenProject:26 - multiple product added to card
2022-09-02 12:04:18,684  INFO [main] SauceDemoMavenProject:98 - browser is closed
2022-09-02 12:04:20,548  INFO [main] SauceDemoMavenProject:56 - browser is opened
2022-09-02 12:04:21,709  INFO [main] SauceDemoMavenProject:60 - window is maximized
2022-09-02 12:04:21,712  INFO [main] SauceDemoMavenProject:63 - 20 sec implicit wait is applied
2022-09-02 12:04:28,668  INFO [main] SauceDemoMavenProject:67 - URL is opened
2022-09-02 12:04:30,191  INFO [main] SauceDemoMavenProject:76 - username is entered
2022-09-02 12:04:31,591  INFO [main] SauceDemoMavenProject:81 - password is entered
2022-09-02 12:04:33,490  INFO [main] SauceDemoMavenProject:87 - clicked on login button and successfully login is done
2022-09-02 12:04:35,464  INFO [main] SauceDemoMavenProject:26 - filter is applied
2022-09-02 12:04:35,842  INFO [main] SauceDemoMavenProject:98 - browser is closed
2022-09-02 12:04:37,125  INFO [main] SauceDemoMavenProject:56 - browser is opened
2022-09-02 12:04:38,311  INFO [main] SauceDemoMavenProject:60 - window is maximized
2022-09-02 12:04:38,316  INFO [main] SauceDemoMavenProject:63 - 20 sec implicit wait is applied
2022-09-02 12:04:45,027  INFO [main] SauceDemoMavenProject:67 - URL is opened
2022-09-02 12:04:46,510  INFO [main] SauceDemoMavenProject:76 - username is entered
2022-09-02 12:04:47,901  INFO [main] SauceDemoMavenProject:81 - password is entered
2022-09-02 12:04:50,056  INFO [main] SauceDemoMavenProject:87 - clicked on login button and successfully login is done
2022-09-02 12:04:51,784  INFO [main] SauceDemoMavenProject:27 - clicked on setting button
2022-09-02 12:05:03,057  INFO [main] SauceDemoMavenProject:30 - clicked on about button
2022-09-02 12:05:07,066  INFO [main] SauceDemoMavenProject:98 - browser is closed
2022-09-02 12:05:09,077  INFO [main] SauceDemoMavenProject:56 - browser is opened
2022-09-02 12:05:10,253  INFO [main] SauceDemoMavenProject:60 - window is maximized
2022-09-02 12:05:10,277  INFO [main] SauceDemoMavenProject:63 - 20 sec implicit wait is applied
2022-09-02 12:05:15,703  INFO [main] SauceDemoMavenProject:67 - URL is opened
2022-09-02 12:05:17,210  INFO [main] SauceDemoMavenProject:76 - username is entered
2022-09-02 12:05:18,617  INFO [main] SauceDemoMavenProject:81 - password is entered
2022-09-02 12:05:20,547  INFO [main] SauceDemoMavenProject:87 - clicked on login button and successfully login is done
2022-09-02 12:05:22,373  INFO [main] SauceDemoMavenProject:26 - clicked on add to card for one product
2022-09-02 12:05:23,603  INFO [main] SauceDemoMavenProject:98 - browser is closed
2022-09-02 17:06:23,952  INFO [main] SauceDemoMavenProject:56 - browser is opened
2022-09-02 17:06:25,165  INFO [main] SauceDemoMavenProject:60 - window is maximized
2022-09-02 17:06:25,171  INFO [main] SauceDemoMavenProject:63 - 20 sec implicit wait is applied
2022-09-02 17:06:29,353  INFO [main] SauceDemoMavenProject:67 - URL is opened
2022-09-02 17:06:30,778  INFO [main] SauceDemoMavenProject:76 - username is entered
2022-09-02 17:06:32,247  INFO [main] SauceDemoMavenProject:81 - password is entered
2022-09-02 17:06:33,970  INFO [main] SauceDemoMavenProject:87 - clicked on login button and successfully login is done
2022-09-02 17:06:34,385  INFO [main] SauceDemoMavenProject:98 - browser is closed
2022-09-02 17:06:35,647  INFO [main] SauceDemoMavenProject:56 - browser is opened
2022-09-02 17:06:36,789  INFO [main] SauceDemoMavenProject:60 - window is maximized
2022-09-02 17:06:36,794  INFO [main] SauceDemoMavenProject:63 - 20 sec implicit wait is applied
2022-09-02 17:06:42,045  INFO [main] SauceDemoMavenProject:67 - URL is opened
2022-09-02 17:06:43,382  INFO [main] SauceDemoMavenProject:76 - username is entered
2022-09-02 17:06:44,768  INFO [main] SauceDemoMavenProject:81 - password is entered
2022-09-02 17:06:46,410  INFO [main] SauceDemoMavenProject:87 - clicked on login button and successfully login is done
2022-09-02 17:06:47,580  INFO [main] SauceDemoMavenProject:29 - clicked on setting button
2022-09-02 17:06:48,949  INFO [main] SauceDemoMavenProject:34 - clicked on log out button
2022-09-02 17:06:49,817  INFO [main] SauceDemoMavenProject:98 - browser is closed
2022-09-02 17:06:51,090  INFO [main] SauceDemoMavenProject:56 - browser is opened
2022-09-02 17:06:52,272  INFO [main] SauceDemoMavenProject:60 - window is maximized
2022-09-02 17:06:52,284  INFO [main] SauceDemoMavenProject:63 - 20 sec implicit wait is applied
2022-09-02 17:06:56,235  INFO [main] SauceDemoMavenProject:67 - URL is opened
2022-09-02 17:06:57,604  INFO [main] SauceDemoMavenProject:76 - username is entered
2022-09-02 17:06:58,989  INFO [main] SauceDemoMavenProject:81 - password is entered
2022-09-02 17:07:00,737  INFO [main] SauceDemoMavenProject:87 - clicked on login button and successfully login is done
2022-09-02 17:07:01,861  INFO [main] SauceDemoMavenProject:34 - product is added to card
2022-09-02 17:07:03,376  INFO [main] SauceDemoMavenProject:39 - click on add to card symbol
2022-09-02 17:07:04,771  INFO [main] SauceDemoMavenProject:48 - clicked on check out button
2022-09-02 17:07:06,037  INFO [main] SauceDemoMavenProject:55 - first name is entered
2022-09-02 17:07:07,290  INFO [main] SauceDemoMavenProject:60 - last name is entered
2022-09-02 17:07:08,538  INFO [main] SauceDemoMavenProject:65 - zip code is entered
2022-09-02 17:07:09,634  INFO [main] SauceDemoMavenProject:69 - clicked on continue button
2022-09-02 17:07:09,781  INFO [main] SauceDemoMavenProject:72 - overview page is opened
2022-09-02 17:07:10,872  INFO [main] SauceDemoMavenProject:80 - clicked on finish button
2022-09-02 17:07:10,872  INFO [main] SauceDemoMavenProject:82 - complete page is opened
2022-09-02 17:07:11,454  INFO [main] SauceDemoMavenProject:98 - browser is closed
2022-09-02 17:07:15,883  INFO [main] SauceDemoMavenProject:56 - browser is opened
2022-09-02 17:07:17,022  INFO [main] SauceDemoMavenProject:60 - window is maximized
2022-09-02 17:07:17,027  INFO [main] SauceDemoMavenProject:63 - 20 sec implicit wait is applied
2022-09-02 17:07:23,009  INFO [main] SauceDemoMavenProject:67 - URL is opened
2022-09-02 17:07:24,418  INFO [main] SauceDemoMavenProject:76 - username is entered
2022-09-02 17:07:25,711  INFO [main] SauceDemoMavenProject:81 - password is entered
2022-09-02 17:07:27,197  INFO [main] SauceDemoMavenProject:87 - clicked on login button and successfully login is done
2022-09-02 17:07:28,106  INFO [main] SauceDemoMavenProject:26 - multiple product added to card
2022-09-02 17:07:28,528  INFO [main] SauceDemoMavenProject:98 - browser is closed
2022-09-02 17:07:30,244  INFO [main] SauceDemoMavenProject:56 - browser is opened
2022-09-02 17:07:31,435  INFO [main] SauceDemoMavenProject:60 - window is maximized
2022-09-02 17:07:31,439  INFO [main] SauceDemoMavenProject:63 - 20 sec implicit wait is applied
2022-09-02 17:07:35,978  INFO [main] SauceDemoMavenProject:67 - URL is opened
2022-09-02 17:07:37,264  INFO [main] SauceDemoMavenProject:76 - username is entered
2022-09-02 17:07:38,606  INFO [main] SauceDemoMavenProject:81 - password is entered
2022-09-02 17:07:40,239  INFO [main] SauceDemoMavenProject:87 - clicked on login button and successfully login is done
2022-09-02 17:07:41,902  INFO [main] SauceDemoMavenProject:26 - filter is applied
2022-09-02 17:07:42,140  INFO [main] SauceDemoMavenProject:98 - browser is closed
2022-09-02 17:07:44,634  INFO [main] SauceDemoMavenProject:56 - browser is opened
2022-09-02 17:07:45,795  INFO [main] SauceDemoMavenProject:60 - window is maximized
2022-09-02 17:07:45,799  INFO [main] SauceDemoMavenProject:63 - 20 sec implicit wait is applied
2022-09-02 17:07:51,018  INFO [main] SauceDemoMavenProject:67 - URL is opened
2022-09-02 17:07:52,297  INFO [main] SauceDemoMavenProject:76 - username is entered
2022-09-02 17:07:53,586  INFO [main] SauceDemoMavenProject:81 - password is entered
2022-09-02 17:07:55,148  INFO [main] SauceDemoMavenProject:87 - clicked on login button and successfully login is done
2022-09-02 17:07:56,536  INFO [main] SauceDemoMavenProject:27 - clicked on setting button
2022-09-02 17:08:04,190  INFO [main] SauceDemoMavenProject:30 - clicked on about button
2022-09-02 17:08:07,972  INFO [main] SauceDemoMavenProject:98 - browser is closed
2022-09-02 17:08:09,304  INFO [main] SauceDemoMavenProject:56 - browser is opened
2022-09-02 17:08:10,487  INFO [main] SauceDemoMavenProject:60 - window is maximized
2022-09-02 17:08:10,496  INFO [main] SauceDemoMavenProject:63 - 20 sec implicit wait is applied
2022-09-02 17:08:16,115  INFO [main] SauceDemoMavenProject:67 - URL is opened
2022-09-02 17:08:17,479  INFO [main] SauceDemoMavenProject:76 - username is entered
2022-09-02 17:08:18,825  INFO [main] SauceDemoMavenProject:81 - password is entered
2022-09-02 17:08:20,491  INFO [main] SauceDemoMavenProject:87 - clicked on login button and successfully login is done
2022-09-02 17:08:22,011  INFO [main] SauceDemoMavenProject:26 - clicked on add to card for one product
2022-09-02 17:08:22,165  INFO [main] SauceDemoMavenProject:98 - browser is closed
